<?xml version="1.0" encoding="UTF-8"?>
<coverage generated="1592286329280" clover="3.2.0">
  <project timestamp="1592286329281" name="All files">
    <metrics statements="24" coveredstatements="24" conditionals="8" coveredconditionals="7" methods="3" coveredmethods="3" elements="35" coveredelements="34" complexity="0" loc="24" ncloc="24" packages="1" files="1" classes="1"/>
    <file name="quicksort.js" path="/mnt/c/users/shmaj/CodeFellows/401/401labs/data-structures-and-algorithms/code-challenges/quicksort/quicksort.js">
      <metrics statements="24" coveredstatements="24" conditionals="8" coveredconditionals="7" methods="3" coveredmethods="3"/>
      <line num="4" count="25" type="stmt"/>
      <line num="5" count="25" type="stmt"/>
      <line num="6" count="25" type="stmt"/>
      <line num="9" count="20" type="stmt"/>
      <line num="10" count="20" type="stmt"/>
      <line num="11" count="20" type="stmt"/>
      <line num="12" count="20" type="stmt"/>
      <line num="13" count="27" type="stmt"/>
      <line num="14" count="13" type="stmt"/>
      <line num="16" count="27" type="stmt"/>
      <line num="17" count="15" type="stmt"/>
      <line num="19" count="27" type="cond" truecount="2" falsecount="0"/>
      <line num="20" count="25" type="stmt"/>
      <line num="21" count="25" type="stmt"/>
      <line num="22" count="25" type="stmt"/>
      <line num="25" count="20" type="stmt"/>
      <line num="30" count="20" type="cond" truecount="1" falsecount="1"/>
      <line num="31" count="20" type="stmt"/>
      <line num="32" count="20" type="cond" truecount="2" falsecount="0"/>
      <line num="33" count="11" type="stmt"/>
      <line num="35" count="20" type="cond" truecount="2" falsecount="0"/>
      <line num="36" count="5" type="stmt"/>
      <line num="39" count="20" type="stmt"/>
      <line num="42" count="1" type="stmt"/>
    </file>
  </project>
</coverage>
