{"/mnt/c/users/shmaj/CodeFellows/401/401labs/data-structures-and-algorithms/code-challenges/linkedList/linked-list.js": {"path":"/mnt/c/users/shmaj/CodeFellows/401/401labs/data-structures-and-algorithms/code-challenges/linkedList/linked-list.js","statementMap":{"0":{"start":{"line":3,"column":6},"end":{"line":3,"column":24}},"1":{"start":{"line":4,"column":6},"end":{"line":4,"column":23}},"2":{"start":{"line":11,"column":6},"end":{"line":11,"column":22}},"3":{"start":{"line":12,"column":6},"end":{"line":12,"column":19}},"4":{"start":{"line":17,"column":6},"end":{"line":23,"column":7}},"5":{"start":{"line":18,"column":8},"end":{"line":18,"column":38}},"6":{"start":{"line":20,"column":26},"end":{"line":20,"column":35}},"7":{"start":{"line":21,"column":8},"end":{"line":21,"column":38}},"8":{"start":{"line":22,"column":8},"end":{"line":22,"column":37}},"9":{"start":{"line":24,"column":6},"end":{"line":24,"column":22}},"10":{"start":{"line":29,"column":6},"end":{"line":37,"column":7}},"11":{"start":{"line":30,"column":8},"end":{"line":30,"column":37}},"12":{"start":{"line":32,"column":22},"end":{"line":32,"column":31}},"13":{"start":{"line":33,"column":8},"end":{"line":35,"column":9}},"14":{"start":{"line":34,"column":10},"end":{"line":34,"column":33}},"15":{"start":{"line":36,"column":8},"end":{"line":36,"column":41}},"16":{"start":{"line":38,"column":6},"end":{"line":38,"column":17}},"17":{"start":{"line":42,"column":20},"end":{"line":42,"column":29}},"18":{"start":{"line":44,"column":6},"end":{"line":51,"column":7}},"19":{"start":{"line":45,"column":10},"end":{"line":48,"column":11}},"20":{"start":{"line":46,"column":14},"end":{"line":46,"column":40}},"21":{"start":{"line":47,"column":14},"end":{"line":47,"column":26}},"22":{"start":{"line":50,"column":10},"end":{"line":50,"column":33}},"23":{"start":{"line":52,"column":6},"end":{"line":52,"column":19}},"24":{"start":{"line":57,"column":20},"end":{"line":57,"column":29}},"25":{"start":{"line":58,"column":21},"end":{"line":58,"column":23}},"26":{"start":{"line":60,"column":6},"end":{"line":64,"column":7}},"27":{"start":{"line":62,"column":8},"end":{"line":62,"column":57}},"28":{"start":{"line":63,"column":8},"end":{"line":63,"column":31}},"29":{"start":{"line":65,"column":6},"end":{"line":65,"column":31}},"30":{"start":{"line":70,"column":2},"end":{"line":70,"column":30}}},"fnMap":{"0":{"name":"(anonymous_0)","decl":{"start":{"line":2,"column":4},"end":{"line":2,"column":5}},"loc":{"start":{"line":2,"column":22},"end":{"line":6,"column":5}},"line":2},"1":{"name":"(anonymous_1)","decl":{"start":{"line":10,"column":4},"end":{"line":10,"column":5}},"loc":{"start":{"line":10,"column":17},"end":{"line":13,"column":5}},"line":10},"2":{"name":"(anonymous_2)","decl":{"start":{"line":16,"column":4},"end":{"line":16,"column":5}},"loc":{"start":{"line":16,"column":20},"end":{"line":25,"column":5}},"line":16},"3":{"name":"(anonymous_3)","decl":{"start":{"line":28,"column":4},"end":{"line":28,"column":5}},"loc":{"start":{"line":28,"column":19},"end":{"line":39,"column":5}},"line":28},"4":{"name":"(anonymous_4)","decl":{"start":{"line":41,"column":4},"end":{"line":41,"column":5}},"loc":{"start":{"line":41,"column":20},"end":{"line":53,"column":3}},"line":41},"5":{"name":"(anonymous_5)","decl":{"start":{"line":56,"column":4},"end":{"line":56,"column":5}},"loc":{"start":{"line":56,"column":15},"end":{"line":66,"column":5}},"line":56}},"branchMap":{"0":{"loc":{"start":{"line":17,"column":6},"end":{"line":23,"column":7}},"type":"if","locations":[{"start":{"line":17,"column":6},"end":{"line":23,"column":7}},{"start":{"line":17,"column":6},"end":{"line":23,"column":7}}],"line":17},"1":{"loc":{"start":{"line":29,"column":6},"end":{"line":37,"column":7}},"type":"if","locations":[{"start":{"line":29,"column":6},"end":{"line":37,"column":7}},{"start":{"line":29,"column":6},"end":{"line":37,"column":7}}],"line":29},"2":{"loc":{"start":{"line":45,"column":10},"end":{"line":48,"column":11}},"type":"if","locations":[{"start":{"line":45,"column":10},"end":{"line":48,"column":11}},{"start":{"line":45,"column":10},"end":{"line":48,"column":11}}],"line":45}},"s":{"0":4,"1":4,"2":2,"3":2,"4":4,"5":1,"6":3,"7":3,"8":3,"9":4,"10":0,"11":0,"12":0,"13":0,"14":0,"15":0,"16":0,"17":0,"18":0,"19":0,"20":0,"21":0,"22":0,"23":0,"24":0,"25":0,"26":0,"27":0,"28":0,"29":0,"30":1},"f":{"0":4,"1":2,"2":4,"3":0,"4":0,"5":0},"b":{"0":[1,3],"1":[0,0],"2":[0,0]},"_coverageSchema":"43e27e138ebf9cfc5966b082cf9a028302ed4184","hash":"34bcbded29e9ccde378ded0fa8e4a5adf182c09b"}
,"/mnt/c/users/shmaj/CodeFellows/401/401labs/data-structures-and-algorithms/code-challenges/linkedList/llkthfromend/ll-kth-from-end.js": {"path":"/mnt/c/users/shmaj/CodeFellows/401/401labs/data-structures-and-algorithms/code-challenges/linkedList/llkthfromend/ll-kth-from-end.js","statementMap":{"0":{"start":{"line":4,"column":19},"end":{"line":4,"column":47}},"1":{"start":{"line":8,"column":8},"end":{"line":8,"column":16}},"2":{"start":{"line":9,"column":8},"end":{"line":9,"column":25}},"3":{"start":{"line":12,"column":22},"end":{"line":12,"column":31}},"4":{"start":{"line":13,"column":19},"end":{"line":13,"column":20}},"5":{"start":{"line":15,"column":6},"end":{"line":18,"column":7}},"6":{"start":{"line":16,"column":8},"end":{"line":16,"column":17}},"7":{"start":{"line":17,"column":8},"end":{"line":17,"column":31}},"8":{"start":{"line":20,"column":6},"end":{"line":22,"column":7}},"9":{"start":{"line":21,"column":8},"end":{"line":21,"column":25}},"10":{"start":{"line":23,"column":6},"end":{"line":25,"column":7}},"11":{"start":{"line":23,"column":18},"end":{"line":23,"column":19}},"12":{"start":{"line":24,"column":8},"end":{"line":24,"column":31}},"13":{"start":{"line":26,"column":6},"end":{"line":26,"column":27}},"14":{"start":{"line":31,"column":4},"end":{"line":31,"column":32}}},"fnMap":{"0":{"name":"(anonymous_0)","decl":{"start":{"line":7,"column":6},"end":{"line":7,"column":7}},"loc":{"start":{"line":7,"column":19},"end":{"line":10,"column":7}},"line":7},"1":{"name":"(anonymous_1)","decl":{"start":{"line":11,"column":6},"end":{"line":11,"column":7}},"loc":{"start":{"line":11,"column":27},"end":{"line":28,"column":7}},"line":11}},"branchMap":{"0":{"loc":{"start":{"line":20,"column":6},"end":{"line":22,"column":7}},"type":"if","locations":[{"start":{"line":20,"column":6},"end":{"line":22,"column":7}},{"start":{"line":20,"column":6},"end":{"line":22,"column":7}}],"line":20}},"s":{"0":1,"1":1,"2":1,"3":1,"4":1,"5":1,"6":4,"7":4,"8":1,"9":0,"10":1,"11":1,"12":1,"13":0,"14":1},"f":{"0":1,"1":1},"b":{"0":[0,1]},"_coverageSchema":"43e27e138ebf9cfc5966b082cf9a028302ed4184","hash":"32478b68df16a17f637995270ef2ae68473a6245"}
}
