{"/mnt/c/users/shmaj/CodeFellows/401/401labs/data-structures-and-algorithms/code-challenges/multiBracketValidation/multi-bracket-validation.js": {"path":"/mnt/c/users/shmaj/CodeFellows/401/401labs/data-structures-and-algorithms/code-challenges/multiBracketValidation/multi-bracket-validation.js","statementMap":{"0":{"start":{"line":3,"column":19},"end":{"line":22,"column":1}},"1":{"start":{"line":4,"column":14},"end":{"line":4,"column":16}},"2":{"start":{"line":6,"column":2},"end":{"line":19,"column":3}},"3":{"start":{"line":6,"column":15},"end":{"line":6,"column":16}},"4":{"start":{"line":7,"column":4},"end":{"line":9,"column":5}},"5":{"start":{"line":8,"column":6},"end":{"line":8,"column":23}},"6":{"start":{"line":10,"column":4},"end":{"line":18,"column":5}},"7":{"start":{"line":13,"column":6},"end":{"line":13,"column":16}},"8":{"start":{"line":14,"column":11},"end":{"line":18,"column":5}},"9":{"start":{"line":17,"column":6},"end":{"line":17,"column":19}},"10":{"start":{"line":20,"column":2},"end":{"line":21,"column":20}},"11":{"start":{"line":20,"column":24},"end":{"line":20,"column":36}},"12":{"start":{"line":21,"column":7},"end":{"line":21,"column":20}},"13":{"start":{"line":24,"column":0},"end":{"line":24,"column":28}}},"fnMap":{"0":{"name":"(anonymous_0)","decl":{"start":{"line":3,"column":19},"end":{"line":3,"column":20}},"loc":{"start":{"line":3,"column":28},"end":{"line":22,"column":1}},"line":3}},"branchMap":{"0":{"loc":{"start":{"line":7,"column":4},"end":{"line":9,"column":5}},"type":"if","locations":[{"start":{"line":7,"column":4},"end":{"line":9,"column":5}},{"start":{"line":7,"column":4},"end":{"line":9,"column":5}}],"line":7},"1":{"loc":{"start":{"line":7,"column":8},"end":{"line":7,"column":58}},"type":"binary-expr","locations":[{"start":{"line":7,"column":8},"end":{"line":7,"column":22}},{"start":{"line":7,"column":26},"end":{"line":7,"column":40}},{"start":{"line":7,"column":44},"end":{"line":7,"column":58}}],"line":7},"2":{"loc":{"start":{"line":10,"column":4},"end":{"line":18,"column":5}},"type":"if","locations":[{"start":{"line":10,"column":4},"end":{"line":18,"column":5}},{"start":{"line":10,"column":4},"end":{"line":18,"column":5}}],"line":10},"3":{"loc":{"start":{"line":10,"column":8},"end":{"line":12,"column":54}},"type":"binary-expr","locations":[{"start":{"line":10,"column":9},"end":{"line":10,"column":23}},{"start":{"line":10,"column":27},"end":{"line":10,"column":54}},{"start":{"line":11,"column":8},"end":{"line":11,"column":22}},{"start":{"line":11,"column":26},"end":{"line":11,"column":53}},{"start":{"line":12,"column":8},"end":{"line":12,"column":22}},{"start":{"line":12,"column":26},"end":{"line":12,"column":53}}],"line":10},"4":{"loc":{"start":{"line":14,"column":11},"end":{"line":18,"column":5}},"type":"if","locations":[{"start":{"line":14,"column":11},"end":{"line":18,"column":5}},{"start":{"line":14,"column":11},"end":{"line":18,"column":5}}],"line":14},"5":{"loc":{"start":{"line":14,"column":15},"end":{"line":16,"column":54}},"type":"binary-expr","locations":[{"start":{"line":14,"column":16},"end":{"line":14,"column":30}},{"start":{"line":14,"column":34},"end":{"line":14,"column":61}},{"start":{"line":15,"column":8},"end":{"line":15,"column":22}},{"start":{"line":15,"column":26},"end":{"line":15,"column":53}},{"start":{"line":16,"column":8},"end":{"line":16,"column":22}},{"start":{"line":16,"column":26},"end":{"line":16,"column":53}}],"line":14},"6":{"loc":{"start":{"line":20,"column":2},"end":{"line":21,"column":20}},"type":"if","locations":[{"start":{"line":20,"column":2},"end":{"line":21,"column":20}},{"start":{"line":20,"column":2},"end":{"line":21,"column":20}}],"line":20}},"s":{"0":1,"1":6,"2":6,"3":6,"4":61,"5":18,"6":61,"7":13,"8":48,"9":3,"10":3,"11":3,"12":0,"13":1},"f":{"0":6},"b":{"0":[18,43],"1":[61,54,49],"2":[13,48],"3":[61,4,57,5,53,7],"4":[3,45],"5":[48,0,48,1,47,2],"6":[3,0]},"_coverageSchema":"43e27e138ebf9cfc5966b082cf9a028302ed4184","hash":"b4964378e5cc11cd12bab4e5cf634a1670b39d3a"}
}
