TN:
SF:/mnt/c/Users/shmaj/CodeFellows/401/401labs/data-structures-and-algorithms/code-challenges/depth-first/depth-first.js
FN:3,depthFirstSearch
FN:18,(anonymous_1)
FNF:2
FNH:0
FNDA:0,depthFirstSearch
FNDA:0,(anonymous_1)
DA:4,0
DA:5,0
DA:7,0
DA:9,0
DA:10,0
DA:11,0
DA:13,0
DA:14,0
DA:15,0
DA:16,0
DA:18,0
DA:19,0
DA:20,0
DA:21,0
DA:26,0
DA:29,1
LF:16
LH:1
BRDA:9,0,0,0
BRDA:9,0,1,0
BRDA:15,1,0,0
BRDA:15,1,1,0
BRDA:19,2,0,0
BRDA:19,2,1,0
BRF:6
BRH:0
end_of_record
TN:
SF:/mnt/c/Users/shmaj/CodeFellows/401/401labs/data-structures-and-algorithms/code-challenges/graph/graph.js
FN:6,(anonymous_0)
FN:11,(anonymous_1)
FN:17,(anonymous_2)
FN:26,(anonymous_3)
FN:34,(anonymous_4)
FN:45,(anonymous_5)
FN:49,(anonymous_6)
FNF:7
FNH:4
FNDA:1,(anonymous_0)
FNDA:4,(anonymous_1)
FNDA:4,(anonymous_2)
FNDA:0,(anonymous_3)
FNDA:0,(anonymous_4)
FNDA:0,(anonymous_5)
FNDA:2,(anonymous_6)
DA:3,1
DA:12,4
DA:13,4
DA:14,4
DA:18,4
DA:19,8
DA:20,4
DA:21,4
DA:27,0
DA:28,0
DA:29,0
DA:30,0
DA:35,0
DA:37,0
DA:38,0
DA:41,0
DA:46,0
DA:53,2
DA:54,8
DA:55,2
DA:59,2
DA:61,2
DA:64,8
DA:68,8
DA:72,3
DA:81,2
DA:86,1
LF:27
LH:18
BRDA:12,0,0,1
BRDA:12,0,1,3
BRDA:19,1,0,4
BRDA:19,1,1,4
BRDA:28,2,0,0
BRDA:28,2,1,0
BRDA:41,3,0,0
BRDA:41,3,1,0
BRDA:54,4,0,2
BRDA:54,4,1,6
BRDA:68,5,0,3
BRDA:68,5,1,5
BRF:12
BRH:8
end_of_record
TN:
SF:/mnt/c/Users/shmaj/CodeFellows/401/401labs/data-structures-and-algorithms/code-challenges/graph/node.js
FN:2,(anonymous_0)
FNF:1
FNH:1
FNDA:4,(anonymous_0)
DA:3,4
DA:4,4
DA:8,1
LF:3
LH:3
BRF:0
BRH:0
end_of_record
