TN:
SF:C:\Users\shmaj\CodeFellows\401\401labs\data-structures-and-algorithms\code-challenges\linkedList\linked-list.js
FN:3,(anonymous_0)
FN:13,(anonymous_1)
FN:19,(anonymous_2)
FN:31,(anonymous_3)
FN:44,(anonymous_4)
FN:59,(anonymous_5)
FN:71,(anonymous_6)
FN:92,(anonymous_7)
FNF:8
FNH:4
FNDA:15,(anonymous_0)
FNDA:7,(anonymous_1)
FNDA:15,(anonymous_2)
FNDA:0,(anonymous_3)
FNDA:0,(anonymous_4)
FNDA:0,(anonymous_5)
FNDA:0,(anonymous_6)
FNDA:5,(anonymous_7)
DA:4,15
DA:5,15
DA:14,7
DA:15,7
DA:20,15
DA:21,5
DA:23,10
DA:24,10
DA:25,10
DA:27,15
DA:32,0
DA:33,0
DA:35,0
DA:36,0
DA:37,0
DA:39,0
DA:41,0
DA:45,0
DA:47,0
DA:48,0
DA:49,0
DA:50,0
DA:53,0
DA:55,0
DA:60,0
DA:61,0
DA:63,0
DA:65,0
DA:66,0
DA:68,0
DA:72,0
DA:73,0
DA:76,0
DA:77,0
DA:78,0
DA:82,0
DA:83,0
DA:84,0
DA:86,0
DA:94,5
DA:95,5
DA:96,5
DA:97,5
DA:98,5
DA:99,5
DA:100,5
DA:101,15
DA:102,3
DA:104,12
DA:105,12
DA:107,15
DA:109,5
DA:114,1
LF:53
LH:24
BRDA:20,0,0,5
BRDA:20,0,1,10
BRDA:32,1,0,0
BRDA:32,1,1,0
BRDA:48,2,0,0
BRDA:48,2,1,0
BRDA:72,3,0,0
BRDA:72,3,1,0
BRDA:77,4,0,0
BRDA:77,4,1,0
BRDA:83,5,0,0
BRDA:83,5,1,0
BRDA:94,6,0,0
BRDA:94,6,1,5
BRDA:101,7,0,3
BRDA:101,7,1,12
BRF:16
BRH:5
end_of_record
